<?xml version="1.0" encoding="UTF-8"?>
<!-- Generated by org.testng.reporters.JUnitReportReporter -->
<testsuite hostname="DESKTOP-VGQDU2F" failures="0" tests="4" name="test.basePackage.TestOrangeHRM" time="90.406" errors="0" timestamp="2020-08-03T05:33:37 IST" skipped="0">
  <testcase classname="test.basePackage.TestOrangeHRM" name="searchUser" time="2.834"/>
  <system-out/>
  <testcase classname="test.basePackage.TestOrangeHRM" name="searchEmployee" time="3.731"/>
  <system-out/>
  <testcase classname="test.basePackage.TestOrangeHRM" name="logOut" time="76.553"/>
  <system-out/>
  <testcase classname="test.basePackage.TestOrangeHRM" name="loginApp" time="7.288"/>
  <system-out/>
</testsuite> <!-- test.basePackage.TestOrangeHRM -->
