<?xml version="1.0" encoding="UTF-8"?>
<!-- Generated by org.testng.reporters.JUnitReportReporter -->
<testsuite hostname="DESKTOP-VGQDU2F" failures="0" tests="6" name="basePackage.TestOrangeHRM" time="34.658" errors="0" timestamp="2020-07-15T15:27:47 IST" skipped="0">
  <testcase classname="basePackage.TestOrangeHRM" name="logOut" time="3.256"/>
  <system-out/>
  <testcase classname="basePackage.TestOrangeHRM" name="loginApp" time="5.296"/>
  <system-out/>
  <testcase classname="basePackage.TestOrangeHRM" name="searchUser" time="7.568"/>
  <system-out/>
  <testcase classname="basePackage.TestOrangeHRM" name="searchUser" time="6.164"/>
  <system-out/>
  <testcase classname="basePackage.TestOrangeHRM" name="logOut" time="2.260"/>
  <system-out/>
  <testcase classname="basePackage.TestOrangeHRM" name="loginApp" time="10.114"/>
  <system-out/>
</testsuite> <!-- basePackage.TestOrangeHRM -->
