<?xml version="1.0" encoding="UTF-8"?>
<!-- Generated by org.testng.reporters.JUnitReportReporter -->
<testsuite hostname="DESKTOP-VGQDU2F" failures="0" tests="4" name="basePackage.TestOrangeHRM" time="21.963" errors="0" timestamp="2020-07-18T05:51:44 IST" skipped="0">
  <testcase classname="basePackage.TestOrangeHRM" name="searchUser" time="4.540"/>
  <system-out/>
  <testcase classname="basePackage.TestOrangeHRM" name="logOut" time="1.385"/>
  <system-out/>
  <testcase classname="basePackage.TestOrangeHRM" name="loginApp" time="6.154"/>
  <system-out/>
  <testcase classname="basePackage.TestOrangeHRM" name="searchEmployee" time="9.884"/>
  <system-out/>
</testsuite> <!-- basePackage.TestOrangeHRM -->
