<?xml version="1.0" encoding="UTF-8"?>
<!-- Generated by org.testng.reporters.JUnitReportReporter -->
<testsuite hostname="DESKTOP-VGQDU2F" failures="0" tests="4" name="test.basePackage.TestOrangeHRM" time="12.788" errors="0" timestamp="2020-08-04T07:18:38 IST" skipped="0">
  <testcase classname="test.basePackage.TestOrangeHRM" name="searchEmployee" time="2.814"/>
  <system-out/>
  <testcase classname="test.basePackage.TestOrangeHRM" name="searchUser" time="3.512"/>
  <system-out/>
  <testcase classname="test.basePackage.TestOrangeHRM" name="loginApp" time="4.709"/>
  <system-out/>
  <testcase classname="test.basePackage.TestOrangeHRM" name="logOut" time="1.753"/>
  <system-out/>
</testsuite> <!-- test.basePackage.TestOrangeHRM -->
