<?xml version="1.0" encoding="UTF-8"?>
<!-- Generated by org.testng.reporters.JUnitReportReporter -->
<testsuite hostname="DESKTOP-VGQDU2F" failures="0" tests="4" name="test.basePackage.TestOrangeHRM" time="21.210" errors="0" timestamp="2020-07-20T17:54:07 IST" skipped="0">
  <testcase classname="test.basePackage.TestOrangeHRM" name="searchEmployee" time="7.703"/>
  <system-out/>
  <testcase classname="test.basePackage.TestOrangeHRM" name="searchUser" time="4.769"/>
  <system-out/>
  <testcase classname="test.basePackage.TestOrangeHRM" name="loginApp" time="6.850"/>
  <system-out/>
  <testcase classname="test.basePackage.TestOrangeHRM" name="logOut" time="1.888"/>
  <system-out/>
</testsuite> <!-- test.basePackage.TestOrangeHRM -->
