<?xml version="1.0" encoding="UTF-8"?>
<!-- Generated by org.testng.reporters.JUnitReportReporter -->
<testsuite hostname="DESKTOP-VGQDU2F" failures="0" tests="14" name="secondPackage.InheritedDataClass" time="16.263" errors="2" timestamp="2020-07-16T17:51:24 IST" skipped="10">
  <testcase classname="secondPackage.InheritedDataClass" name="afterClass" time="0.001">
    <error type="java.lang.NullPointerException">
      <![CDATA[java.lang.NullPointerException
at secondPackage.TestOrangeHRMSecond.afterClass(TestOrangeHRMSecond.java:92)
at java.base/jdk.internal.reflect.NativeMethodAccessorImpl.invoke0(Native Method)
at java.base/jdk.internal.reflect.NativeMethodAccessorImpl.invoke(NativeMethodAccessorImpl.java:62)
at java.base/jdk.internal.reflect.DelegatingMethodAccessorImpl.invoke(DelegatingMethodAccessorImpl.java:43)
at java.base/java.lang.reflect.Method.invoke(Method.java:564)
at org.testng.internal.MethodInvocationHelper.invokeMethod(MethodInvocationHelper.java:135)
at org.testng.internal.MethodInvocationHelper.invokeMethodConsideringTimeout(MethodInvocationHelper.java:64)
at org.testng.internal.ConfigInvoker.invokeConfigurationMethod(ConfigInvoker.java:364)
at org.testng.internal.ConfigInvoker.invokeConfigurations(ConfigInvoker.java:318)
at org.testng.internal.TestMethodWorker.invokeAfterClassMethods(TestMethodWorker.java:217)
at org.testng.internal.TestMethodWorker.run(TestMethodWorker.java:130)
at java.base/java.util.ArrayList.forEach(ArrayList.java:1510)
at org.testng.TestRunner.privateRun(TestRunner.java:767)
at org.testng.TestRunner.run(TestRunner.java:588)
at org.testng.SuiteRunner.runTest(SuiteRunner.java:384)
at org.testng.SuiteRunner.access$000(SuiteRunner.java:28)
at org.testng.SuiteRunner$SuiteWorker.run(SuiteRunner.java:425)
at org.testng.internal.thread.ThreadUtil.lambda$execute$0(ThreadUtil.java:68)
at java.base/java.util.concurrent.FutureTask.run(FutureTask.java:264)
at java.base/java.util.concurrent.ThreadPoolExecutor.runWorker(ThreadPoolExecutor.java:1130)
at java.base/java.util.concurrent.ThreadPoolExecutor$Worker.run(ThreadPoolExecutor.java:630)
at java.base/java.lang.Thread.run(Thread.java:832)
]]>
    </error>
  </testcase> <!-- afterClass -->
  <system-out/>
  <testcase classname="secondPackage.InheritedDataClass" name="searchUser" time="0.000">
    <skipped/>
  </testcase> <!-- searchUser -->
  <system-out/>
  <testcase classname="secondPackage.InheritedDataClass" name="logOut" time="0.000">
    <skipped/>
  </testcase> <!-- logOut -->
  <system-out/>
  <testcase classname="secondPackage.InheritedDataClass" name="logOut" time="0.000">
    <skipped/>
  </testcase> <!-- logOut -->
  <system-out/>
  <testcase classname="secondPackage.InheritedDataClass" name="searchUser" time="0.000">
    <skipped/>
  </testcase> <!-- searchUser -->
  <system-out/>
  <testcase classname="secondPackage.InheritedDataClass" name="searchEmployee" time="0.000">
    <skipped/>
  </testcase> <!-- searchEmployee -->
  <system-out/>
  <testcase classname="secondPackage.InheritedDataClass" name="loginApp" time="7.955"/>
  <system-out/>
  <testcase classname="secondPackage.InheritedDataClass" name="searchUser" time="0.000">
    <skipped/>
  </testcase> <!-- searchUser -->
  <system-out/>
  <testcase classname="secondPackage.InheritedDataClass" name="launchBrowser" time="0.116">
    <error type="java.lang.NullPointerException">
      <![CDATA[java.lang.NullPointerException
at secondPackage.TestOrangeHRMSecond.launchBrowser(TestOrangeHRMSecond.java:46)
at java.base/jdk.internal.reflect.NativeMethodAccessorImpl.invoke0(Native Method)
at java.base/jdk.internal.reflect.NativeMethodAccessorImpl.invoke(NativeMethodAccessorImpl.java:62)
at java.base/jdk.internal.reflect.DelegatingMethodAccessorImpl.invoke(DelegatingMethodAccessorImpl.java:43)
at java.base/java.lang.reflect.Method.invoke(Method.java:564)
at org.testng.internal.MethodInvocationHelper.invokeMethod(MethodInvocationHelper.java:135)
at org.testng.internal.MethodInvocationHelper.invokeMethodConsideringTimeout(MethodInvocationHelper.java:64)
at org.testng.internal.ConfigInvoker.invokeConfigurationMethod(ConfigInvoker.java:364)
at org.testng.internal.ConfigInvoker.invokeConfigurations(ConfigInvoker.java:318)
at org.testng.internal.TestMethodWorker.invokeBeforeClassMethods(TestMethodWorker.java:176)
at org.testng.internal.TestMethodWorker.run(TestMethodWorker.java:122)
at java.base/java.util.ArrayList.forEach(ArrayList.java:1510)
at org.testng.TestRunner.privateRun(TestRunner.java:767)
at org.testng.TestRunner.run(TestRunner.java:588)
at org.testng.SuiteRunner.runTest(SuiteRunner.java:384)
at org.testng.SuiteRunner.access$000(SuiteRunner.java:28)
at org.testng.SuiteRunner$SuiteWorker.run(SuiteRunner.java:425)
at org.testng.internal.thread.ThreadUtil.lambda$execute$0(ThreadUtil.java:68)
at java.base/java.util.concurrent.FutureTask.run(FutureTask.java:264)
at java.base/java.util.concurrent.ThreadPoolExecutor.runWorker(ThreadPoolExecutor.java:1130)
at java.base/java.util.concurrent.ThreadPoolExecutor$Worker.run(ThreadPoolExecutor.java:630)
at java.base/java.lang.Thread.run(Thread.java:832)
]]>
    </error>
  </testcase> <!-- launchBrowser -->
  <system-out/>
  <testcase classname="secondPackage.InheritedDataClass" name="logOut" time="0.000">
    <skipped/>
  </testcase> <!-- logOut -->
  <system-out/>
  <testcase classname="secondPackage.InheritedDataClass" name="searchEmployee" time="0.000">
    <skipped/>
  </testcase> <!-- searchEmployee -->
  <system-out/>
  <testcase classname="secondPackage.InheritedDataClass" name="loginApp" time="8.191"/>
  <system-out/>
  <testcase classname="secondPackage.InheritedDataClass" name="searchEmployee" time="0.000">
    <skipped/>
  </testcase> <!-- searchEmployee -->
  <system-out/>
  <testcase classname="secondPackage.InheritedDataClass" name="loginApp" time="0.000">
    <skipped/>
  </testcase> <!-- loginApp -->
  <system-out/>
</testsuite> <!-- secondPackage.InheritedDataClass -->
