<?xml version="1.0" encoding="UTF-8"?>
<!-- Generated by org.testng.reporters.JUnitReportReporter -->
<testsuite hostname="DESKTOP-VGQDU2F" failures="0" tests="3" name="basePackage.TestOrangeHRM" time="9.264" errors="0" timestamp="2020-07-12T06:34:14 IST" skipped="0">
  <testcase classname="basePackage.TestOrangeHRM" name="loginApp" time="5.743"/>
  <system-out/>
  <testcase classname="basePackage.TestOrangeHRM" name="searchUser" time="2.328"/>
  <system-out/>
  <testcase classname="basePackage.TestOrangeHRM" name="logOut" time="1.193"/>
  <system-out/>
</testsuite> <!-- basePackage.TestOrangeHRM -->
