<?xml version="1.0" encoding="UTF-8"?>
<!-- Generated by org.testng.reporters.JUnitReportReporter -->
<testsuite hostname="DESKTOP-VGQDU2F" failures="0" tests="4" name="basePackage.TestOrangeHRM" time="18.060" errors="0" timestamp="2020-07-15T05:45:11 IST" skipped="0">
  <testcase classname="basePackage.TestOrangeHRM" name="logOut" time="1.440"/>
  <system-out/>
  <testcase classname="basePackage.TestOrangeHRM" name="loginApp" time="6.665"/>
  <system-out/>
  <testcase classname="basePackage.TestOrangeHRM" name="searchEmployee" time="5.245"/>
  <system-out/>
  <testcase classname="basePackage.TestOrangeHRM" name="searchUser" time="4.710"/>
  <system-out/>
</testsuite> <!-- basePackage.TestOrangeHRM -->
