<?xml version="1.0" encoding="UTF-8"?>
<!-- Generated by org.testng.reporters.JUnitReportReporter -->
<testsuite hostname="DESKTOP-VGQDU2F" failures="0" tests="12" name="secondPackage.TestOrangeHRMSecond" time="54.112" errors="0" timestamp="2020-07-17T05:20:49 IST" skipped="0">
  <testcase classname="secondPackage.TestOrangeHRMSecond" name="logOut" time="1.622"/>
  <system-out/>
  <testcase classname="secondPackage.TestOrangeHRMSecond" name="logOut" time="1.203"/>
  <system-out/>
  <testcase classname="secondPackage.TestOrangeHRMSecond" name="searchUser" time="4.784"/>
  <system-out/>
  <testcase classname="secondPackage.TestOrangeHRMSecond" name="logOut" time="1.459"/>
  <system-out/>
  <testcase classname="secondPackage.TestOrangeHRMSecond" name="loginApp" time="4.703"/>
  <system-out/>
  <testcase classname="secondPackage.TestOrangeHRMSecond" name="searchEmployee" time="6.894"/>
  <system-out/>
  <testcase classname="secondPackage.TestOrangeHRMSecond" name="loginApp" time="3.885"/>
  <system-out/>
  <testcase classname="secondPackage.TestOrangeHRMSecond" name="searchEmployee" time="6.635"/>
  <system-out/>
  <testcase classname="secondPackage.TestOrangeHRMSecond" name="loginApp" time="6.311"/>
  <system-out/>
  <testcase classname="secondPackage.TestOrangeHRMSecond" name="searchEmployee" time="7.485"/>
  <system-out/>
  <testcase classname="secondPackage.TestOrangeHRMSecond" name="searchUser" time="4.505"/>
  <system-out/>
  <testcase classname="secondPackage.TestOrangeHRMSecond" name="searchUser" time="4.626"/>
  <system-out/>
</testsuite> <!-- secondPackage.TestOrangeHRMSecond -->
